2023-12-16T00:17:14.646+04:00  INFO 18160 --- [main] az.spring.UnitechApplication             : Starting UnitechApplication using Java 17.0.8 with PID 18160 (C:\Users\User\Desktop\unitech\target\classes started by User in C:\Users\User\Desktop\unitech)
2023-12-16T00:17:14.650+04:00  INFO 18160 --- [main] az.spring.UnitechApplication             : No active profile set, falling back to 1 default profile: "default"
2023-12-16T00:17:15.586+04:00  INFO 18160 --- [main] .s.d.r.c.RepositoryConfigurationDelegate : Bootstrapping Spring Data JPA repositories in DEFAULT mode.
2023-12-16T00:17:15.687+04:00  INFO 18160 --- [main] .s.d.r.c.RepositoryConfigurationDelegate : Finished Spring Data repository scanning in 89 ms. Found 4 JPA repository interfaces.
2023-12-16T00:17:16.277+04:00  INFO 18160 --- [main] o.s.b.w.embedded.tomcat.TomcatWebServer  : Tomcat initialized with port(s): 8090 (http)
2023-12-16T00:17:16.286+04:00  INFO 18160 --- [main] o.apache.catalina.core.StandardService   : Starting service [Tomcat]
2023-12-16T00:17:16.286+04:00  INFO 18160 --- [main] o.apache.catalina.core.StandardEngine    : Starting Servlet engine: [Apache Tomcat/10.1.1]
2023-12-16T00:17:16.398+04:00  INFO 18160 --- [main] o.a.c.c.C.[Tomcat].[localhost].[/]       : Initializing Spring embedded WebApplicationContext
2023-12-16T00:17:16.399+04:00  INFO 18160 --- [main] w.s.c.ServletWebServerApplicationContext : Root WebApplicationContext: initialization completed in 1691 ms
2023-12-16T00:17:16.956+04:00  INFO 18160 --- [main] com.zaxxer.hikari.HikariDataSource       : HikariPool-1 - Starting...
2023-12-16T00:17:17.316+04:00  INFO 18160 --- [main] com.zaxxer.hikari.pool.HikariPool        : HikariPool-1 - Added connection com.mysql.cj.jdbc.ConnectionImpl@f4f843f
2023-12-16T00:17:17.318+04:00  INFO 18160 --- [main] com.zaxxer.hikari.HikariDataSource       : HikariPool-1 - Start completed.
2023-12-16T00:17:17.375+04:00  INFO 18160 --- [main] SQL dialect                              : HHH000400: Using dialect: org.hibernate.dialect.MySQLDialect
2023-12-16T00:17:18.397+04:00  INFO 18160 --- [main] j.LocalContainerEntityManagerFactoryBean : Initialized JPA EntityManagerFactory for persistence unit 'default'
2023-12-16T00:17:19.226+04:00  WARN 18160 --- [main] JpaBaseConfiguration$JpaWebConfiguration : spring.jpa.open-in-view is enabled by default. Therefore, database queries may be performed during view rendering. Explicitly configure spring.jpa.open-in-view to disable this warning
2023-12-16T00:17:19.274+04:00  WARN 18160 --- [main] .s.s.UserDetailsServiceAutoConfiguration : 

Using generated security password: 8c34d41a-43e0-4457-a630-e66121296283

This generated password is for development use only. Your security configuration must be updated before running your application in production.

2023-12-16T00:17:19.610+04:00  INFO 18160 --- [main] o.s.s.web.DefaultSecurityFilterChain     : Will secure any request with [org.springframework.security.web.session.DisableEncodeUrlFilter@136480b, org.springframework.security.web.context.request.async.WebAsyncManagerIntegrationFilter@2d85a4c7, org.springframework.security.web.context.SecurityContextHolderFilter@6f78c132, org.springframework.security.web.header.HeaderWriterFilter@4290fcd7, org.springframework.security.web.authentication.logout.LogoutFilter@921dbcf, org.springframework.security.web.savedrequest.RequestCacheAwareFilter@7127f04b, org.springframework.security.web.servletapi.SecurityContextHolderAwareRequestFilter@79de00af, org.springframework.security.web.authentication.AnonymousAuthenticationFilter@272de8ab, org.springframework.security.web.access.ExceptionTranslationFilter@7806db3f, az.spring.security.JwtRequestFilter@6632eb19, org.springframework.security.web.access.intercept.AuthorizationFilter@1147ab09]
2023-12-16T00:17:19.877+04:00  INFO 18160 --- [main] o.s.b.w.embedded.tomcat.TomcatWebServer  : Tomcat started on port(s): 8090 (http) with context path ''
2023-12-16T00:17:19.888+04:00  INFO 18160 --- [main] az.spring.UnitechApplication             : Started UnitechApplication in 6.04 seconds (process running for 7.027)
2023-12-16T00:17:30.002+04:00  INFO 18160 --- [scheduling-1] a.s.service.RecentCurrencyScheduler      : Inside recentCurrencyData : 
2023-12-16T00:17:32.841+04:00  INFO 18160 --- [http-nio-8090-exec-1] o.a.c.c.C.[Tomcat].[localhost].[/]       : Initializing Spring DispatcherServlet 'dispatcherServlet'
2023-12-16T00:17:33.071+04:00 ERROR 18160 --- [http-nio-8090-exec-1] a.s.exception.handler.CustomException    : Validation error : Validation failed for argument [0] in private org.springframework.http.ResponseEntity<az.spring.response.UserResponse> az.spring.controller.AuthenticationController.register(az.spring.request.UserRegistration) with 2 errors: [Field error in object 'userRegistration' on field 'password': rejected value []; codes [NotBlank.userRegistration.password,NotBlank.password,NotBlank.java.lang.String,NotBlank]; arguments [org.springframework.context.support.DefaultMessageSourceResolvable: codes [userRegistration.password,password]; arguments []; default message [password]]; default message [Password must not be blank]] [Field error in object 'userRegistration' on field 'password': rejected value []; codes [Size.userRegistration.password,Size.password,Size.java.lang.String,Size]; arguments [org.springframework.context.support.DefaultMessageSourceResolvable: codes [userRegistration.password,password]; arguments []; default message [password],2147483647,6]; default message [size must be between 6 and 2147483647]] 
2023-12-16T00:18:00.004+04:00  INFO 18160 --- [scheduling-1] a.s.service.RecentCurrencyScheduler      : Inside recentCurrencyData : 
2023-12-16T00:18:30.014+04:00  INFO 18160 --- [scheduling-1] a.s.service.RecentCurrencyScheduler      : Inside recentCurrencyData : 
2023-12-16T00:18:50.394+04:00  INFO 18160 --- [SpringApplicationShutdownHook] j.LocalContainerEntityManagerFactoryBean : Closing JPA EntityManagerFactory for persistence unit 'default'
2023-12-16T00:18:50.397+04:00  INFO 18160 --- [SpringApplicationShutdownHook] com.zaxxer.hikari.HikariDataSource       : HikariPool-1 - Shutdown initiated...
2023-12-16T00:18:50.405+04:00  INFO 18160 --- [SpringApplicationShutdownHook] com.zaxxer.hikari.HikariDataSource       : HikariPool-1 - Shutdown completed.
2023-12-16T00:18:56.359+04:00  INFO 8708 --- [main] az.spring.UnitechApplication             : Starting UnitechApplication using Java 17.0.8 with PID 8708 (C:\Users\User\Desktop\unitech\target\classes started by User in C:\Users\User\Desktop\unitech)
2023-12-16T00:18:56.363+04:00  INFO 8708 --- [main] az.spring.UnitechApplication             : No active profile set, falling back to 1 default profile: "default"
2023-12-16T00:18:57.011+04:00  INFO 8708 --- [main] .s.d.r.c.RepositoryConfigurationDelegate : Bootstrapping Spring Data JPA repositories in DEFAULT mode.
2023-12-16T00:18:57.103+04:00  INFO 8708 --- [main] .s.d.r.c.RepositoryConfigurationDelegate : Finished Spring Data repository scanning in 85 ms. Found 4 JPA repository interfaces.
2023-12-16T00:18:57.691+04:00  INFO 8708 --- [main] o.s.b.w.embedded.tomcat.TomcatWebServer  : Tomcat initialized with port(s): 8090 (http)
2023-12-16T00:18:57.703+04:00  INFO 8708 --- [main] o.apache.catalina.core.StandardService   : Starting service [Tomcat]
2023-12-16T00:18:57.703+04:00  INFO 8708 --- [main] o.apache.catalina.core.StandardEngine    : Starting Servlet engine: [Apache Tomcat/10.1.1]
2023-12-16T00:18:57.805+04:00  INFO 8708 --- [main] o.a.c.c.C.[Tomcat].[localhost].[/]       : Initializing Spring embedded WebApplicationContext
2023-12-16T00:18:57.805+04:00  INFO 8708 --- [main] w.s.c.ServletWebServerApplicationContext : Root WebApplicationContext: initialization completed in 1394 ms
2023-12-16T00:18:58.263+04:00  INFO 8708 --- [main] com.zaxxer.hikari.HikariDataSource       : HikariPool-1 - Starting...
2023-12-16T00:18:58.510+04:00  INFO 8708 --- [main] com.zaxxer.hikari.pool.HikariPool        : HikariPool-1 - Added connection com.mysql.cj.jdbc.ConnectionImpl@4b3ad7ca
2023-12-16T00:18:58.512+04:00  INFO 8708 --- [main] com.zaxxer.hikari.HikariDataSource       : HikariPool-1 - Start completed.
2023-12-16T00:18:58.569+04:00  INFO 8708 --- [main] SQL dialect                              : HHH000400: Using dialect: org.hibernate.dialect.MySQLDialect
2023-12-16T00:18:59.464+04:00  INFO 8708 --- [main] j.LocalContainerEntityManagerFactoryBean : Initialized JPA EntityManagerFactory for persistence unit 'default'
2023-12-16T00:19:00.094+04:00  WARN 8708 --- [main] JpaBaseConfiguration$JpaWebConfiguration : spring.jpa.open-in-view is enabled by default. Therefore, database queries may be performed during view rendering. Explicitly configure spring.jpa.open-in-view to disable this warning
2023-12-16T00:19:00.117+04:00  WARN 8708 --- [main] .s.s.UserDetailsServiceAutoConfiguration : 

Using generated security password: 3c9e4fb5-feb5-4327-bc7a-4e70e86e36eb

This generated password is for development use only. Your security configuration must be updated before running your application in production.

2023-12-16T00:19:00.323+04:00  INFO 8708 --- [main] o.s.s.web.DefaultSecurityFilterChain     : Will secure any request with [org.springframework.security.web.session.DisableEncodeUrlFilter@682fc714, org.springframework.security.web.context.request.async.WebAsyncManagerIntegrationFilter@23ba2c1e, org.springframework.security.web.context.SecurityContextHolderFilter@3b9d85c2, org.springframework.security.web.header.HeaderWriterFilter@56511eda, org.springframework.security.web.authentication.logout.LogoutFilter@2a20332b, org.springframework.security.web.savedrequest.RequestCacheAwareFilter@77eb76f, org.springframework.security.web.servletapi.SecurityContextHolderAwareRequestFilter@6ccd3cf1, org.springframework.security.web.authentication.AnonymousAuthenticationFilter@5ed1bc4f, org.springframework.security.web.access.ExceptionTranslationFilter@70c6c6a7, az.spring.security.JwtRequestFilter@feab3ae, org.springframework.security.web.access.intercept.AuthorizationFilter@17db90a7]
2023-12-16T00:19:00.541+04:00  INFO 8708 --- [main] o.s.b.w.embedded.tomcat.TomcatWebServer  : Tomcat started on port(s): 8090 (http) with context path ''
2023-12-16T00:19:00.552+04:00  INFO 8708 --- [main] az.spring.UnitechApplication             : Started UnitechApplication in 4.753 seconds (process running for 5.447)
2023-12-16T00:19:10.401+04:00  INFO 8708 --- [http-nio-8090-exec-1] o.a.c.c.C.[Tomcat].[localhost].[/]       : Initializing Spring DispatcherServlet 'dispatcherServlet'
2023-12-16T00:19:10.621+04:00 ERROR 8708 --- [http-nio-8090-exec-1] a.s.exception.handler.CustomException    : Validation error : Validation failed for argument [0] in private org.springframework.http.ResponseEntity<az.spring.response.UserResponse> az.spring.controller.AuthenticationController.register(az.spring.request.UserRegistration) with 2 errors: [Field error in object 'userRegistration' on field 'password': rejected value []; codes [NotBlank.userRegistration.password,NotBlank.password,NotBlank.java.lang.String,NotBlank]; arguments [org.springframework.context.support.DefaultMessageSourceResolvable: codes [userRegistration.password,password]; arguments []; default message [password]]; default message [Password must not be blank]] [Field error in object 'userRegistration' on field 'password': rejected value []; codes [Size.userRegistration.password,Size.password,Size.java.lang.String,Size]; arguments [org.springframework.context.support.DefaultMessageSourceResolvable: codes [userRegistration.password,password]; arguments []; default message [password],2147483647,6]; default message [size must be between 6 and 2147483647]] 
2023-12-16T00:19:24.020+04:00  INFO 8708 --- [SpringApplicationShutdownHook] j.LocalContainerEntityManagerFactoryBean : Closing JPA EntityManagerFactory for persistence unit 'default'
2023-12-16T00:19:24.023+04:00  INFO 8708 --- [SpringApplicationShutdownHook] com.zaxxer.hikari.HikariDataSource       : HikariPool-1 - Shutdown initiated...
2023-12-16T00:19:24.031+04:00  INFO 8708 --- [SpringApplicationShutdownHook] com.zaxxer.hikari.HikariDataSource       : HikariPool-1 - Shutdown completed.
2023-12-16T00:23:07.314+04:00  INFO 13072 --- [main] az.spring.UnitechApplication             : Starting UnitechApplication using Java 17.0.8 with PID 13072 (C:\Users\User\Desktop\unitech\target\classes started by User in C:\Users\User\Desktop\unitech)
2023-12-16T00:23:07.318+04:00  INFO 13072 --- [main] az.spring.UnitechApplication             : No active profile set, falling back to 1 default profile: "default"
2023-12-16T00:23:08.012+04:00  INFO 13072 --- [main] .s.d.r.c.RepositoryConfigurationDelegate : Bootstrapping Spring Data JPA repositories in DEFAULT mode.
2023-12-16T00:23:08.094+04:00  INFO 13072 --- [main] .s.d.r.c.RepositoryConfigurationDelegate : Finished Spring Data repository scanning in 71 ms. Found 4 JPA repository interfaces.
2023-12-16T00:23:08.615+04:00  INFO 13072 --- [main] o.s.b.w.embedded.tomcat.TomcatWebServer  : Tomcat initialized with port(s): 8090 (http)
2023-12-16T00:23:08.621+04:00  INFO 13072 --- [main] o.apache.catalina.core.StandardService   : Starting service [Tomcat]
2023-12-16T00:23:08.622+04:00  INFO 13072 --- [main] o.apache.catalina.core.StandardEngine    : Starting Servlet engine: [Apache Tomcat/10.1.1]
2023-12-16T00:23:08.690+04:00  INFO 13072 --- [main] o.a.c.c.C.[Tomcat].[localhost].[/]       : Initializing Spring embedded WebApplicationContext
2023-12-16T00:23:08.690+04:00  INFO 13072 --- [main] w.s.c.ServletWebServerApplicationContext : Root WebApplicationContext: initialization completed in 1323 ms
2023-12-16T00:23:09.063+04:00  INFO 13072 --- [main] com.zaxxer.hikari.HikariDataSource       : HikariPool-1 - Starting...
2023-12-16T00:23:09.298+04:00  INFO 13072 --- [main] com.zaxxer.hikari.pool.HikariPool        : HikariPool-1 - Added connection com.mysql.cj.jdbc.ConnectionImpl@54bb1194
2023-12-16T00:23:09.300+04:00  INFO 13072 --- [main] com.zaxxer.hikari.HikariDataSource       : HikariPool-1 - Start completed.
2023-12-16T00:23:09.349+04:00  INFO 13072 --- [main] SQL dialect                              : HHH000400: Using dialect: org.hibernate.dialect.MySQLDialect
2023-12-16T00:23:10.368+04:00  INFO 13072 --- [main] j.LocalContainerEntityManagerFactoryBean : Initialized JPA EntityManagerFactory for persistence unit 'default'
2023-12-16T00:23:11.088+04:00  WARN 13072 --- [main] JpaBaseConfiguration$JpaWebConfiguration : spring.jpa.open-in-view is enabled by default. Therefore, database queries may be performed during view rendering. Explicitly configure spring.jpa.open-in-view to disable this warning
2023-12-16T00:23:11.123+04:00  WARN 13072 --- [main] .s.s.UserDetailsServiceAutoConfiguration : 

Using generated security password: a05481a6-f979-49e1-be36-9b7e158685ff

This generated password is for development use only. Your security configuration must be updated before running your application in production.

2023-12-16T00:23:11.343+04:00  INFO 13072 --- [main] o.s.s.web.DefaultSecurityFilterChain     : Will secure any request with [org.springframework.security.web.session.DisableEncodeUrlFilter@547aa7f4, org.springframework.security.web.context.request.async.WebAsyncManagerIntegrationFilter@2e94655a, org.springframework.security.web.context.SecurityContextHolderFilter@6ccd3cf1, org.springframework.security.web.header.HeaderWriterFilter@be56353, org.springframework.security.web.authentication.logout.LogoutFilter@7bb50747, org.springframework.security.web.savedrequest.RequestCacheAwareFilter@1ae69abe, org.springframework.security.web.servletapi.SecurityContextHolderAwareRequestFilter@23acd55e, org.springframework.security.web.authentication.AnonymousAuthenticationFilter@49868df8, org.springframework.security.web.access.ExceptionTranslationFilter@65e4eba5, az.spring.security.JwtRequestFilter@6771fc29, org.springframework.security.web.access.intercept.AuthorizationFilter@63b334fd]
2023-12-16T00:23:11.558+04:00  INFO 13072 --- [main] o.s.b.w.embedded.tomcat.TomcatWebServer  : Tomcat started on port(s): 8090 (http) with context path ''
2023-12-16T00:23:11.569+04:00  INFO 13072 --- [main] az.spring.UnitechApplication             : Started UnitechApplication in 4.816 seconds (process running for 5.503)
2023-12-16T00:23:15.150+04:00  INFO 13072 --- [http-nio-8090-exec-1] o.a.c.c.C.[Tomcat].[localhost].[/]       : Initializing Spring DispatcherServlet 'dispatcherServlet'
2023-12-16T00:23:15.349+04:00 ERROR 13072 --- [http-nio-8090-exec-1] a.s.exception.handler.CustomException    : Validation error : Validation failed for argument [0] in private org.springframework.http.ResponseEntity<az.spring.response.UserResponse> az.spring.controller.AuthenticationController.register(az.spring.request.UserRegistration) with 2 errors: [Field error in object 'userRegistration' on field 'password': rejected value []; codes [NotBlank.userRegistration.password,NotBlank.password,NotBlank.java.lang.String,NotBlank]; arguments [org.springframework.context.support.DefaultMessageSourceResolvable: codes [userRegistration.password,password]; arguments []; default message [password]]; default message [Password must not be blank]] [Field error in object 'userRegistration' on field 'password': rejected value []; codes [Size.userRegistration.password,Size.password,Size.java.lang.String,Size]; arguments [org.springframework.context.support.DefaultMessageSourceResolvable: codes [userRegistration.password,password]; arguments []; default message [password],2147483647,6]; default message [size must be between 6 and 2147483647]] 
2023-12-16T00:23:29.975+04:00 ERROR 13072 --- [http-nio-8090-exec-3] a.s.exception.handler.CustomException    : Validation error : Validation failed for argument [0] in private org.springframework.http.ResponseEntity<az.spring.response.UserResponse> az.spring.controller.AuthenticationController.register(az.spring.request.UserRegistration): [Field error in object 'userRegistration' on field 'password': rejected value [12]; codes [Size.userRegistration.password,Size.password,Size.java.lang.String,Size]; arguments [org.springframework.context.support.DefaultMessageSourceResolvable: codes [userRegistration.password,password]; arguments []; default message [password],2147483647,6]; default message [size must be between 6 and 2147483647]] 
2023-12-16T00:23:30.007+04:00  INFO 13072 --- [scheduling-1] a.s.service.RecentCurrencyScheduler      : Inside recentCurrencyData : 
2023-12-16T00:23:50.025+04:00 ERROR 13072 --- [http-nio-8090-exec-7] a.s.exception.handler.CustomException    : Validation error : Validation failed for argument [0] in private org.springframework.http.ResponseEntity<az.spring.response.UserResponse> az.spring.controller.AuthenticationController.register(az.spring.request.UserRegistration): [Field error in object 'userRegistration' on field 'email': rejected value [orxan01mailinator.com]; codes [Email.userRegistration.email,Email.email,Email.java.lang.String,Email]; arguments [org.springframework.context.support.DefaultMessageSourceResolvable: codes [userRegistration.email,email]; arguments []; default message [email],[Ljakarta.validation.constraints.Pattern$Flag;@7952f6b3,.*]; default message [must be a well-formed email address]] 
2023-12-16T00:24:00.005+04:00  INFO 13072 --- [scheduling-1] a.s.service.RecentCurrencyScheduler      : Inside recentCurrencyData : 
2023-12-16T00:24:08.453+04:00 ERROR 13072 --- [http-nio-8090-exec-8] a.s.exception.handler.CustomException    : Validation error : Validation failed for argument [0] in private org.springframework.http.ResponseEntity<az.spring.response.UserResponse> az.spring.controller.AuthenticationController.register(az.spring.request.UserRegistration) with 2 errors: [Field error in object 'userRegistration' on field 'username': rejected value []; codes [NotBlank.userRegistration.username,NotBlank.username,NotBlank.java.lang.String,NotBlank]; arguments [org.springframework.context.support.DefaultMessageSourceResolvable: codes [userRegistration.username,username]; arguments []; default message [username]]; default message [Username must not be blank]] [Field error in object 'userRegistration' on field 'username': rejected value []; codes [Size.userRegistration.username,Size.username,Size.java.lang.String,Size]; arguments [org.springframework.context.support.DefaultMessageSourceResolvable: codes [userRegistration.username,username]; arguments []; default message [username],30,6]; default message [size must be between 6 and 30]] 
2023-12-16T00:24:20.442+04:00  INFO 13072 --- [http-nio-8090-exec-10] az.spring.service.UserService            : Inside userRegistration az.spring.request.UserRegistration@2750365b
2023-12-16T00:24:20.573+04:00  INFO 13072 --- [http-nio-8090-exec-10] az.spring.service.UserService            : Inside createVerificationToken User{id=null, email='orxan01@mailinator.com', username='756xzz', pin='123456', password='$2a$10$jOag5XM.xr2Vi4b0xJ0QcO26yBI1C/Gw2antPTC6PamTGmkFKo2e6', emailVerified=false}
2023-12-16T00:24:20.581+04:00  INFO 13072 --- [http-nio-8090-exec-10] az.spring.service.UserService            : Inside verificationToken VerificationToken{id=null, token='eyJ0eXAiOiJKV1QiLCJhbGciOiJIUzI1NiJ9.eyJpc3MiOiJ1bml0ZWNoIiwiVkVSSUZJQ0FUSU9OX0VNQUlMIjoib3J4YW4wMUBtYWlsaW5hdG9yLmNvbSIsImV4cCI6MTcwMzI3NjY2MH0.Z9wOoMQjUcQGeCTVc1G9ryc22rnFPRYelhcA9ETJdf0', createdTimestamp=2023-12-16 00:24:20.581}
2023-12-16T00:24:23.829+04:00  INFO 13072 --- [http-nio-8090-exec-10] az.spring.service.UserService            : Inside register User{id=null, email='orxan01@mailinator.com', username='756xzz', pin='123456', password='$2a$10$jOag5XM.xr2Vi4b0xJ0QcO26yBI1C/Gw2antPTC6PamTGmkFKo2e6', emailVerified=false}
2023-12-16T00:24:30.004+04:00  INFO 13072 --- [scheduling-1] a.s.service.RecentCurrencyScheduler      : Inside recentCurrencyData : 
2023-12-16T00:25:00.011+04:00  INFO 13072 --- [scheduling-1] a.s.service.RecentCurrencyScheduler      : Inside recentCurrencyData : 
2023-12-16T00:25:18.657+04:00  INFO 13072 --- [SpringApplicationShutdownHook] j.LocalContainerEntityManagerFactoryBean : Closing JPA EntityManagerFactory for persistence unit 'default'
2023-12-16T00:25:18.657+04:00  INFO 13072 --- [SpringApplicationShutdownHook] com.zaxxer.hikari.HikariDataSource       : HikariPool-1 - Shutdown initiated...
2023-12-16T00:25:18.671+04:00  INFO 13072 --- [SpringApplicationShutdownHook] com.zaxxer.hikari.HikariDataSource       : HikariPool-1 - Shutdown completed.
